12:41:21.305 [main] INFO  testCases.TC002_LoginTest - enter passward
12:41:22.242 [main] INFO  testCases.TC002_LoginTest - test case pass
13:14:04.866 [main] INFO  testCases.TC001_RegisterAccount - *** TestCase Started ***
13:14:05.361 [main] INFO  testCases.TC001_RegisterAccount - *** Clicked on My Account ***
13:14:05.889 [main] INFO  testCases.TC001_RegisterAccount - *** Clicked on Register ***
13:14:05.889 [main] INFO  testCases.TC001_RegisterAccount - going to account registration page
13:14:05.892 [main] INFO  testCases.TC001_RegisterAccount - *** Entering Customer Details ***
13:14:07.406 [main] INFO  testCases.TC001_RegisterAccount - *** Clicked on Continue ***
13:14:07.463 [main] INFO  testCases.TC001_RegisterAccount - *** Test Case Passed ***
13:14:13.215 [main] INFO  testCases.TC002_LoginTest - Test case started
13:14:13.864 [main] INFO  testCases.TC002_LoginTest - enter email
13:14:14.008 [main] INFO  testCases.TC002_LoginTest - enter passward
13:14:14.786 [main] INFO  testCases.TC002_LoginTest - test case pass
14:55:01.700 [main] INFO  testCases.TC001_RegisterAccount - *** TestCase Started ***
14:55:02.206 [main] INFO  testCases.TC001_RegisterAccount - *** Clicked on My Account ***
14:55:04.212 [main] INFO  testCases.TC001_RegisterAccount - *** Clicked on Register ***
14:55:04.213 [main] INFO  testCases.TC001_RegisterAccount - going to account registration page
14:55:04.218 [main] INFO  testCases.TC001_RegisterAccount - *** Entering Customer Details ***
14:55:06.282 [main] INFO  testCases.TC001_RegisterAccount - *** Clicked on Continue ***
14:55:06.353 [main] INFO  testCases.TC001_RegisterAccount - *** Test Case Passed ***
14:55:14.449 [main] INFO  testCases.TC002_LoginTest - Test case started
14:55:15.444 [main] INFO  testCases.TC002_LoginTest - enter email
14:55:15.637 [main] INFO  testCases.TC002_LoginTest - enter passward
14:55:16.867 [main] INFO  testCases.TC002_LoginTest - test case pass
17:20:22.767 [main] INFO  testCases.TC001_RegisterAccount - *** TestCase Started ***
17:20:23.052 [main] INFO  testCases.TC001_RegisterAccount - *** Clicked on My Account ***
17:20:23.546 [main] INFO  testCases.TC001_RegisterAccount - *** Clicked on Register ***
17:20:23.547 [main] INFO  testCases.TC001_RegisterAccount - going to account registration page
17:20:23.574 [main] INFO  testCases.TC001_RegisterAccount - *** Entering Customer Details ***
17:20:25.722 [main] INFO  testCases.TC001_RegisterAccount - *** Clicked on Continue ***
17:20:25.763 [main] INFO  testCases.TC001_RegisterAccount - *** Test Case Passed ***
17:20:27.940 [main] INFO  testCases.TC002_LoginTest - Test case started
17:20:28.380 [main] INFO  testCases.TC002_LoginTest - enter email
17:20:28.718 [main] INFO  testCases.TC002_LoginTest - enter passward
17:20:29.560 [main] INFO  testCases.TC002_LoginTest - test case pass
17:21:48.667 [main] INFO  testCases.TC001_RegisterAccount - *** TestCase Started ***
17:21:48.832 [main] INFO  testCases.TC001_RegisterAccount - *** Clicked on My Account ***
17:21:50.181 [main] INFO  testCases.TC001_RegisterAccount - *** Clicked on Register ***
17:21:50.181 [main] INFO  testCases.TC001_RegisterAccount - going to account registration page
17:21:50.183 [main] INFO  testCases.TC001_RegisterAccount - *** Entering Customer Details ***
17:21:51.587 [main] INFO  testCases.TC001_RegisterAccount - *** Clicked on Continue ***
17:21:51.628 [main] INFO  testCases.TC001_RegisterAccount - *** Test Case Passed ***
17:21:53.837 [main] INFO  testCases.TC002_LoginTest - Test case started
17:21:54.304 [main] INFO  testCases.TC002_LoginTest - enter email
17:21:54.643 [main] INFO  testCases.TC002_LoginTest - enter passward
17:21:55.605 [main] INFO  testCases.TC002_LoginTest - test case pass
19:35:52.434 [main] INFO  testCases.TC001_RegisterAccount - *** TestCase Started ***
19:35:52.722 [main] INFO  testCases.TC001_RegisterAccount - *** Clicked on My Account ***
19:35:53.266 [main] INFO  testCases.TC001_RegisterAccount - *** Clicked on Register ***
19:35:53.267 [main] INFO  testCases.TC001_RegisterAccount - going to account registration page
19:35:53.275 [main] INFO  testCases.TC001_RegisterAccount - *** Entering Customer Details ***
19:35:54.801 [main] INFO  testCases.TC001_RegisterAccount - *** Clicked on Continue ***
19:35:54.866 [main] INFO  testCases.TC001_RegisterAccount - *** Test Case Passed ***
19:35:57.185 [main] INFO  testCases.TC002_LoginTest - Test case started
19:35:57.635 [main] INFO  testCases.TC002_LoginTest - enter email
19:35:57.988 [main] INFO  testCases.TC002_LoginTest - enter passward
19:35:58.827 [main] INFO  testCases.TC002_LoginTest - test case pass
20:03:03.982 [main] INFO  testCases.TC001_RegisterAccount - *** TestCase Started ***
20:03:04.174 [main] INFO  testCases.TC001_RegisterAccount - *** Clicked on My Account ***
20:03:04.590 [main] INFO  testCases.TC001_RegisterAccount - *** Clicked on Register ***
20:03:04.590 [main] INFO  testCases.TC001_RegisterAccount - going to account registration page
